This file contains any messages produced by compilers while
running configure, to aid debugging if configure makes a mistake.

It was created by SEAL configure 2.3.0, which was
generated by GNU Autoconf 2.69.  Invocation command line was

  $ ./configure 

## --------- ##
## Platform. ##
## --------- ##

hostname = thuy-ThinkPad-T480
uname -m = x86_64
uname -r = 5.8.0-63-generic
uname -s = Linux
uname -v = #71-Ubuntu SMP Tue Jul 13 15:59:12 UTC 2021

/usr/bin/uname -p = x86_64
/bin/uname -X     = unknown

/bin/arch              = x86_64
/usr/bin/arch -k       = unknown
/usr/convex/getsysinfo = unknown
/usr/bin/hostinfo      = unknown
/bin/machine           = unknown
/usr/bin/oslevel       = unknown
/bin/universe          = unknown

PATH: /home/thuy/.cargo/bin
PATH: /home/thuy/.local/bin
PATH: /usr/local/sbin
PATH: /usr/local/bin
PATH: /usr/sbin
PATH: /usr/bin
PATH: /sbin
PATH: /bin
PATH: /usr/games
PATH: /usr/local/games
PATH: /snap/bin
PATH: /usr/local/go/bin


## ----------- ##
## Core tests. ##
## ----------- ##

configure:2044: checking for g++
configure:2060: found /usr/bin/g++
configure:2071: result: g++
configure:2098: checking for C++ compiler version
configure:2107: g++ --version >&5
g++ (Ubuntu 10.3.0-1ubuntu1~20.10) 10.3.0
Copyright (C) 2020 Free Software Foundation, Inc.
This is free software; see the source for copying conditions.  There is NO
warranty; not even for MERCHANTABILITY or FITNESS FOR A PARTICULAR PURPOSE.

configure:2118: $? = 0
configure:2107: g++ -v >&5
Using built-in specs.
COLLECT_GCC=g++
COLLECT_LTO_WRAPPER=/usr/lib/gcc/x86_64-linux-gnu/10/lto-wrapper
OFFLOAD_TARGET_NAMES=nvptx-none:amdgcn-amdhsa:hsa
OFFLOAD_TARGET_DEFAULT=1
Target: x86_64-linux-gnu
Configured with: ../src/configure -v --with-pkgversion='Ubuntu 10.3.0-1ubuntu1~20.10' --with-bugurl=file:///usr/share/doc/gcc-10/README.Bugs --enable-languages=c,ada,c++,go,brig,d,fortran,objc,obj-c++,m2 --prefix=/usr --with-gcc-major-version-only --program-suffix=-10 --program-prefix=x86_64-linux-gnu- --enable-shared --enable-linker-build-id --libexecdir=/usr/lib --without-included-gettext --enable-threads=posix --libdir=/usr/lib --enable-nls --enable-bootstrap --enable-clocale=gnu --enable-libstdcxx-debug --enable-libstdcxx-time=yes --with-default-libstdcxx-abi=new --enable-gnu-unique-object --disable-vtable-verify --enable-plugin --enable-default-pie --with-system-zlib --enable-libphobos-checking=release --with-target-system-zlib=auto --enable-objc-gc=auto --enable-multiarch --disable-werror --with-arch-32=i686 --with-abi=m64 --with-multilib-list=m32,m64,mx32 --enable-multilib --with-tune=generic --enable-offload-targets=nvptx-none=/build/gcc-10-poYruo/gcc-10-10.3.0/debian/tmp-nvptx/usr,amdgcn-amdhsa=/build/gcc-10-poYruo/gcc-10-10.3.0/debian/tmp-gcn/usr,hsa --without-cuda-driver --enable-checking=release --build=x86_64-linux-gnu --host=x86_64-linux-gnu --target=x86_64-linux-gnu --with-build-config=bootstrap-lto-lean --enable-link-mutex
Thread model: posix
Supported LTO compression algorithms: zlib zstd
gcc version 10.3.0 (Ubuntu 10.3.0-1ubuntu1~20.10) 
... rest of stderr output deleted ...
configure:2118: $? = 0
configure:2107: g++ -V >&5
g++: error: unrecognized command-line option '-V'
g++: fatal error: no input files
compilation terminated.
configure:2118: $? = 1
configure:2107: g++ -qversion >&5
g++: error: unrecognized command-line option '-qversion'; did you mean '--version'?
g++: fatal error: no input files
compilation terminated.
configure:2118: $? = 1
configure:2138: checking whether the C++ compiler works
configure:2160: g++    conftest.cpp  >&5
configure:2164: $? = 0
configure:2212: result: yes
configure:2215: checking for C++ compiler default output file name
configure:2217: result: a.out
configure:2223: checking for suffix of executables
configure:2230: g++ -o conftest    conftest.cpp  >&5
configure:2234: $? = 0
configure:2256: result: 
configure:2278: checking whether we are cross compiling
configure:2286: g++ -o conftest    conftest.cpp  >&5
configure:2290: $? = 0
configure:2297: ./conftest
configure:2301: $? = 0
configure:2289: result: no
configure:2294: checking for suffix of object files
configure:2316: g++ -c   conftest.cpp >&5
configure:2320: $? = 0
configure:2341: result: o
configure:2345: checking whether we are using the GNU C++ compiler
configure:2364: g++ -c   conftest.cpp >&5
configure:2364: $? = 0
configure:2373: result: yes
configure:2382: checking whether g++ accepts -g
configure:2402: g++ -c -g  conftest.cpp >&5
configure:2402: $? = 0
configure:2443: result: yes
configure:2493: checking how to run the C++ preprocessor
configure:2520: g++ -E  conftest.cpp
configure:2520: $? = 0
configure:2534: g++ -E  conftest.cpp
conftest.cpp:9:10: fatal error: ac_nonexistent.h: No such file or directory
    9 | #include <ac_nonexistent.h>
      |          ^~~~~~~~~~~~~~~~~~
compilation terminated.
configure:2534: $? = 1
configure: failed program was:
| /* confdefs.h */
| #define PACKAGE_NAME "SEAL"
| #define PACKAGE_TARNAME "seal"
| #define PACKAGE_VERSION "2.3.0"
| #define PACKAGE_STRING "SEAL 2.3.0"
| #define PACKAGE_BUGREPORT ""
| #define PACKAGE_URL ""
| /* end confdefs.h.  */
| #include <ac_nonexistent.h>
configure:2559: result: g++ -E
configure:2579: g++ -E  conftest.cpp
configure:2579: $? = 0
configure:2593: g++ -E  conftest.cpp
conftest.cpp:9:10: fatal error: ac_nonexistent.h: No such file or directory
    9 | #include <ac_nonexistent.h>
      |          ^~~~~~~~~~~~~~~~~~
compilation terminated.
configure:2593: $? = 1
configure: failed program was:
| /* confdefs.h */
| #define PACKAGE_NAME "SEAL"
| #define PACKAGE_TARNAME "seal"
| #define PACKAGE_VERSION "2.3.0"
| #define PACKAGE_STRING "SEAL 2.3.0"
| #define PACKAGE_BUGREPORT ""
| #define PACKAGE_URL ""
| /* end confdefs.h.  */
| #include <ac_nonexistent.h>
configure:2622: checking for grep that handles long lines and -e
configure:2680: result: /usr/bin/grep
configure:2685: checking for egrep
configure:2747: result: /usr/bin/grep -E
configure:2752: checking for ANSI C header files
configure:2772: g++ -c -g -O0  conftest.cpp >&5
configure:2772: $? = 0
configure:2845: g++ -o conftest -g -O0   conftest.cpp  >&5
configure:2845: $? = 0
configure:2845: ./conftest
configure:2845: $? = 0
configure:2856: result: yes
configure:2869: checking for sys/types.h
configure:2869: g++ -c -g -O0  conftest.cpp >&5
configure:2869: $? = 0
configure:2869: result: yes
configure:2869: checking for sys/stat.h
configure:2869: g++ -c -g -O0  conftest.cpp >&5
configure:2869: $? = 0
configure:2869: result: yes
configure:2869: checking for stdlib.h
configure:2869: g++ -c -g -O0  conftest.cpp >&5
configure:2869: $? = 0
configure:2869: result: yes
configure:2869: checking for string.h
configure:2869: g++ -c -g -O0  conftest.cpp >&5
configure:2869: $? = 0
configure:2869: result: yes
configure:2869: checking for memory.h
configure:2869: g++ -c -g -O0  conftest.cpp >&5
configure:2869: $? = 0
configure:2869: result: yes
configure:2869: checking for strings.h
configure:2869: g++ -c -g -O0  conftest.cpp >&5
configure:2869: $? = 0
configure:2869: result: yes
configure:2869: checking for inttypes.h
configure:2869: g++ -c -g -O0  conftest.cpp >&5
configure:2869: $? = 0
configure:2869: result: yes
configure:2869: checking for stdint.h
configure:2869: g++ -c -g -O0  conftest.cpp >&5
configure:2869: $? = 0
configure:2869: result: yes
configure:2869: checking for unistd.h
configure:2869: g++ -c -g -O0  conftest.cpp >&5
configure:2869: $? = 0
configure:2869: result: yes
configure:2883: checking x86intrin.h usability
configure:2883: g++ -c -g -O0  conftest.cpp >&5
configure:2883: $? = 0
configure:2883: result: yes
configure:2883: checking x86intrin.h presence
configure:2883: g++ -E  conftest.cpp
configure:2883: $? = 0
configure:2883: result: yes
configure:2883: checking for x86intrin.h
configure:2883: result: yes
configure:2898: checking for __builtin_clzll
configure:2911: g++ -c -g -O0  conftest.cpp >&5
configure:2911: $? = 0
configure:2917: result: yes
configure:2926: checking for __int128
configure:2946: g++ -o conftest -g -O0   conftest.cpp  >&5
configure:2946: $? = 0
configure:2946: ./conftest
configure:2946: $? = 0
configure:2955: result: yes
configure:2964: checking for _addcarry_u64
configure:2984: g++ -o conftest -g -O0   conftest.cpp  >&5
configure:2984: $? = 0
configure:2984: ./conftest
configure:2984: $? = 0
configure:2993: result: yes
configure:3002: checking for _subborrow_u64
configure:3022: g++ -o conftest -g -O0   conftest.cpp  >&5
configure:3022: $? = 0
configure:3022: ./conftest
configure:3022: $? = 0
configure:3031: result: yes
configure:3155: creating ./config.status

## ---------------------- ##
## Running config.status. ##
## ---------------------- ##

This file was extended by SEAL config.status 2.3.0, which was
generated by GNU Autoconf 2.69.  Invocation command line was

  CONFIG_FILES    = 
  CONFIG_HEADERS  = 
  CONFIG_LINKS    = 
  CONFIG_COMMANDS = 
  $ ./config.status 

on thuy-ThinkPad-T480

config.status:800: creating Makefile
config.status:800: creating config.h

## ---------------- ##
## Cache variables. ##
## ---------------- ##

ac_cv_cxx_compiler_gnu=yes
ac_cv_env_CCC_set=
ac_cv_env_CCC_value=
ac_cv_env_CPPFLAGS_set=
ac_cv_env_CPPFLAGS_value=
ac_cv_env_CXXCPP_set=
ac_cv_env_CXXCPP_value=
ac_cv_env_CXXFLAGS_set=
ac_cv_env_CXXFLAGS_value=
ac_cv_env_CXX_set=
ac_cv_env_CXX_value=
ac_cv_env_LDFLAGS_set=
ac_cv_env_LDFLAGS_value=
ac_cv_env_LIBS_set=
ac_cv_env_LIBS_value=
ac_cv_env_build_alias_set=
ac_cv_env_build_alias_value=
ac_cv_env_host_alias_set=
ac_cv_env_host_alias_value=
ac_cv_env_target_alias_set=
ac_cv_env_target_alias_value=
ac_cv_header_inttypes_h=yes
ac_cv_header_memory_h=yes
ac_cv_header_stdc=yes
ac_cv_header_stdint_h=yes
ac_cv_header_stdlib_h=yes
ac_cv_header_string_h=yes
ac_cv_header_strings_h=yes
ac_cv_header_sys_stat_h=yes
ac_cv_header_sys_types_h=yes
ac_cv_header_unistd_h=yes
ac_cv_header_x86intrin_h=yes
ac_cv_objext=o
ac_cv_path_EGREP='/usr/bin/grep -E'
ac_cv_path_GREP=/usr/bin/grep
ac_cv_prog_CXXCPP='g++ -E'
ac_cv_prog_ac_ct_CXX=g++
ac_cv_prog_cxx_g=yes

## ----------------- ##
## Output variables. ##
## ----------------- ##

CPPFLAGS=''
CXX='g++'
CXXCPP='g++ -E'
CXXFLAGS='-g -O2'
DEFS='-DHAVE_CONFIG_H'
ECHO_C=''
ECHO_N='-n'
ECHO_T=''
EGREP='/usr/bin/grep -E'
EXEEXT=''
GREP='/usr/bin/grep'
LDFLAGS=''
LIBOBJS=''
LIBS=''
LTLIBOBJS=''
OBJEXT='o'
PACKAGE_BUGREPORT=''
PACKAGE_NAME='SEAL'
PACKAGE_STRING='SEAL 2.3.0'
PACKAGE_TARNAME='seal'
PACKAGE_URL=''
PACKAGE_VERSION='2.3.0'
PATH_SEPARATOR=':'
SHELL='/bin/bash'
ac_ct_CXX='g++'
bindir='${exec_prefix}/bin'
build_alias=''
datadir='${datarootdir}'
datarootdir='${prefix}/share'
docdir='${datarootdir}/doc/${PACKAGE_TARNAME}'
dvidir='${docdir}'
exec_prefix='${prefix}'
host_alias=''
htmldir='${docdir}'
includedir='${prefix}/include'
infodir='${datarootdir}/info'
libdir='${exec_prefix}/lib'
libexecdir='${exec_prefix}/libexec'
localedir='${datarootdir}/locale'
localstatedir='${prefix}/var'
mandir='${datarootdir}/man'
oldincludedir='/usr/include'
pdfdir='${docdir}'
prefix='/usr/local'
program_transform_name='s,x,x,'
psdir='${docdir}'
runstatedir='${localstatedir}/run'
sbindir='${exec_prefix}/sbin'
sharedstatedir='${prefix}/com'
sysconfdir='${prefix}/etc'
target_alias=''

## ----------- ##
## confdefs.h. ##
## ----------- ##

/* confdefs.h */
#define PACKAGE_NAME "SEAL"
#define PACKAGE_TARNAME "seal"
#define PACKAGE_VERSION "2.3.0"
#define PACKAGE_STRING "SEAL 2.3.0"
#define PACKAGE_BUGREPORT ""
#define PACKAGE_URL ""
#define STDC_HEADERS 1
#define HAVE_SYS_TYPES_H 1
#define HAVE_SYS_STAT_H 1
#define HAVE_STDLIB_H 1
#define HAVE_STRING_H 1
#define HAVE_MEMORY_H 1
#define HAVE_STRINGS_H 1
#define HAVE_INTTYPES_H 1
#define HAVE_STDINT_H 1
#define HAVE_UNISTD_H 1
#define HAVE_X86INTRIN_H 1
#define SEAL_ENABLE_INTRIN 1
#define SEAL_ENABLE___BUILTIN_CLZLL 1
#define SEAL_ENABLE___INT128 1
#define SEAL_ENABLE__ADDCARRY_U64 1
#define SEAL_ENABLE__SUBBORROW_U64 1

configure: exit 0
